INFO  - 2015-06-03 09:09:11.290; [   ] org.eclipse.jetty.server.Server; jetty-8.1.10.v20130312
INFO  - 2015-06-03 09:09:11.304; [   ] org.eclipse.jetty.deploy.providers.ScanningAppProvider; Deployment monitor /home/sachith/programs/solr/server/contexts at interval 0
INFO  - 2015-06-03 09:09:11.307; [   ] org.eclipse.jetty.deploy.DeploymentManager; Deployable added: /home/sachith/programs/solr/server/contexts/solr-jetty-context.xml
INFO  - 2015-06-03 09:09:12.168; [   ] org.eclipse.jetty.webapp.StandardDescriptorProcessor; NO JSP Support for /solr, did not find org.apache.jasper.servlet.JspServlet
INFO  - 2015-06-03 09:09:12.206; [   ] org.apache.solr.servlet.SolrDispatchFilter; SolrDispatchFilter.init()WebAppClassLoader=817200289@30b57ca1
INFO  - 2015-06-03 09:09:12.216; [   ] org.apache.solr.core.SolrResourceLoader; JNDI not configured for solr (NoInitialContextEx)
INFO  - 2015-06-03 09:09:12.216; [   ] org.apache.solr.core.SolrResourceLoader; using system property solr.solr.home: /home/sachith/programs/solr/server/solr
INFO  - 2015-06-03 09:09:12.217; [   ] org.apache.solr.core.SolrResourceLoader; new SolrResourceLoader for directory: '/home/sachith/programs/solr/server/solr/'
INFO  - 2015-06-03 09:09:12.302; [   ] org.apache.solr.core.SolrXmlConfig; Loading container configuration from /home/sachith/programs/solr/server/solr/solr.xml
INFO  - 2015-06-03 09:09:12.347; [   ] org.apache.solr.core.CorePropertiesLocator; Config-defined core root directory: /home/sachith/programs/solr/server/solr
INFO  - 2015-06-03 09:09:12.361; [   ] org.apache.solr.core.CoreContainer; New CoreContainer 1957130308
INFO  - 2015-06-03 09:09:12.361; [   ] org.apache.solr.core.CoreContainer; Loading cores into CoreContainer [instanceDir=/home/sachith/programs/solr/server/solr/]
INFO  - 2015-06-03 09:09:12.362; [   ] org.apache.solr.core.CoreContainer; loading shared library: /home/sachith/programs/solr/server/solr/lib
WARN  - 2015-06-03 09:09:12.362; [   ] org.apache.solr.core.SolrResourceLoader; Can't find (or read) directory to add to classloader: lib (resolved as: /home/sachith/programs/solr/server/solr/lib).
INFO  - 2015-06-03 09:09:12.371; [   ] org.apache.solr.handler.component.HttpShardHandlerFactory; Setting socketTimeout to: 600000
INFO  - 2015-06-03 09:09:12.372; [   ] org.apache.solr.handler.component.HttpShardHandlerFactory; Setting urlScheme to: null
INFO  - 2015-06-03 09:09:12.376; [   ] org.apache.solr.handler.component.HttpShardHandlerFactory; Setting connTimeout to: 60000
INFO  - 2015-06-03 09:09:12.376; [   ] org.apache.solr.handler.component.HttpShardHandlerFactory; Setting maxConnectionsPerHost to: 20
INFO  - 2015-06-03 09:09:12.376; [   ] org.apache.solr.handler.component.HttpShardHandlerFactory; Setting maxConnections to: 10000
INFO  - 2015-06-03 09:09:12.376; [   ] org.apache.solr.handler.component.HttpShardHandlerFactory; Setting corePoolSize to: 0
INFO  - 2015-06-03 09:09:12.376; [   ] org.apache.solr.handler.component.HttpShardHandlerFactory; Setting maximumPoolSize to: 2147483647
INFO  - 2015-06-03 09:09:12.377; [   ] org.apache.solr.handler.component.HttpShardHandlerFactory; Setting maxThreadIdleTime to: 5
INFO  - 2015-06-03 09:09:12.377; [   ] org.apache.solr.handler.component.HttpShardHandlerFactory; Setting sizeOfQueue to: -1
INFO  - 2015-06-03 09:09:12.377; [   ] org.apache.solr.handler.component.HttpShardHandlerFactory; Setting fairnessPolicy to: false
INFO  - 2015-06-03 09:09:12.377; [   ] org.apache.solr.handler.component.HttpShardHandlerFactory; Setting useRetries to: false
INFO  - 2015-06-03 09:09:12.454; [   ] org.apache.solr.update.UpdateShardHandler; Creating UpdateShardHandler HTTP client with params: socketTimeout=600000&connTimeout=60000&retry=true
INFO  - 2015-06-03 09:09:12.456; [   ] org.apache.solr.logging.LogWatcher; SLF4J impl is org.slf4j.impl.Log4jLoggerFactory
INFO  - 2015-06-03 09:09:12.456; [   ] org.apache.solr.logging.LogWatcher; Registering Log Listener [Log4j (org.slf4j.impl.Log4jLoggerFactory)]
INFO  - 2015-06-03 09:09:12.457; [   ] org.apache.solr.core.CoreContainer; Node Name: 
INFO  - 2015-06-03 09:09:12.475; [   ] org.apache.solr.core.CorePropertiesLocator; Looking for core definitions underneath /home/sachith/programs/solr/server/solr
INFO  - 2015-06-03 09:09:12.492; [   ] org.apache.solr.core.CoreDescriptor; CORE DESCRIPTOR: {name=evidenceCore, config=solrconfig.xml, instanceDir=/home/sachith/programs/solr/server/solr/evidenceCore, loadOnStartup=true, absoluteInstDir=/home/sachith/programs/solr/server/solr/evidenceCore/, schema=schema.xml, transient=false, dataDir=data/}
INFO  - 2015-06-03 09:09:12.493; [   ] org.apache.solr.core.CorePropertiesLocator; Found core evidenceCore in /home/sachith/programs/solr/server/solr/evidenceCore/
INFO  - 2015-06-03 09:09:12.493; [   ] org.apache.solr.core.CorePropertiesLocator; Found 1 core definitions
INFO  - 2015-06-03 09:09:12.494; [   ] org.apache.solr.core.SolrResourceLoader; new SolrResourceLoader for directory: '/home/sachith/programs/solr/server/solr/evidenceCore/'
INFO  - 2015-06-03 09:09:12.542; [   ] org.apache.solr.core.SolrConfig; current version of requestparams : 0
INFO  - 2015-06-03 09:09:12.550; [   ] org.apache.solr.core.SolrConfig; Adding specified lib dirs to ClassLoader
INFO  - 2015-06-03 09:09:12.552; [   ] org.apache.solr.core.SolrResourceLoader; Adding 'file:/home/sachith/programs/solr/contrib/extraction/lib/bcmail-jdk15-1.45.jar' to classloader
INFO  - 2015-06-03 09:09:12.553; [   ] org.apache.solr.core.SolrResourceLoader; Adding 'file:/home/sachith/programs/solr/contrib/extraction/lib/xz-1.5.jar' to classloader
INFO  - 2015-06-03 09:09:12.553; [   ] org.apache.solr.core.SolrResourceLoader; Adding 'file:/home/sachith/programs/solr/contrib/extraction/lib/metadata-extractor-2.6.2.jar' to classloader
INFO  - 2015-06-03 09:09:12.553; [   ] org.apache.solr.core.SolrResourceLoader; Adding 'file:/home/sachith/programs/solr/contrib/extraction/lib/isoparser-1.0.2.jar' to classloader
INFO  - 2015-06-03 09:09:12.553; [   ] org.apache.solr.core.SolrResourceLoader; Adding 'file:/home/sachith/programs/solr/contrib/extraction/lib/poi-ooxml-schemas-3.11.jar' to classloader
INFO  - 2015-06-03 09:09:12.553; [   ] org.apache.solr.core.SolrResourceLoader; Adding 'file:/home/sachith/programs/solr/contrib/extraction/lib/apache-mime4j-dom-0.7.2.jar' to classloader
INFO  - 2015-06-03 09:09:12.554; [   ] org.apache.solr.core.SolrResourceLoader; Adding 'file:/home/sachith/programs/solr/contrib/extraction/lib/jdom-1.0.jar' to classloader
INFO  - 2015-06-03 09:09:12.554; [   ] org.apache.solr.core.SolrResourceLoader; Adding 'file:/home/sachith/programs/solr/contrib/extraction/lib/poi-3.11.jar' to classloader
INFO  - 2015-06-03 09:09:12.554; [   ] org.apache.solr.core.SolrResourceLoader; Adding 'file:/home/sachith/programs/solr/contrib/extraction/lib/aspectjrt-1.8.0.jar' to classloader
INFO  - 2015-06-03 09:09:12.554; [   ] org.apache.solr.core.SolrResourceLoader; Adding 'file:/home/sachith/programs/solr/contrib/extraction/lib/rome-1.0.jar' to classloader
INFO  - 2015-06-03 09:09:12.554; [   ] org.apache.solr.core.SolrResourceLoader; Adding 'file:/home/sachith/programs/solr/contrib/extraction/lib/boilerpipe-1.1.0.jar' to classloader
INFO  - 2015-06-03 09:09:12.554; [   ] org.apache.solr.core.SolrResourceLoader; Adding 'file:/home/sachith/programs/solr/contrib/extraction/lib/jempbox-1.8.8.jar' to classloader
INFO  - 2015-06-03 09:09:12.555; [   ] org.apache.solr.core.SolrResourceLoader; Adding 'file:/home/sachith/programs/solr/contrib/extraction/lib/vorbis-java-core-0.6.jar' to classloader
INFO  - 2015-06-03 09:09:12.555; [   ] org.apache.solr.core.SolrResourceLoader; Adding 'file:/home/sachith/programs/solr/contrib/extraction/lib/poi-ooxml-3.11.jar' to classloader
INFO  - 2015-06-03 09:09:12.555; [   ] org.apache.solr.core.SolrResourceLoader; Adding 'file:/home/sachith/programs/solr/contrib/extraction/lib/xmpcore-5.1.2.jar' to classloader
INFO  - 2015-06-03 09:09:12.555; [   ] org.apache.solr.core.SolrResourceLoader; Adding 'file:/home/sachith/programs/solr/contrib/extraction/lib/fontbox-1.8.8.jar' to classloader
INFO  - 2015-06-03 09:09:12.556; [   ] org.apache.solr.core.SolrResourceLoader; Adding 'file:/home/sachith/programs/solr/contrib/extraction/lib/tika-xmp-1.7.jar' to classloader
INFO  - 2015-06-03 09:09:12.556; [   ] org.apache.solr.core.SolrResourceLoader; Adding 'file:/home/sachith/programs/solr/contrib/extraction/lib/jmatio-1.0.jar' to classloader
INFO  - 2015-06-03 09:09:12.556; [   ] org.apache.solr.core.SolrResourceLoader; Adding 'file:/home/sachith/programs/solr/contrib/extraction/lib/xercesImpl-2.9.1.jar' to classloader
INFO  - 2015-06-03 09:09:12.556; [   ] org.apache.solr.core.SolrResourceLoader; Adding 'file:/home/sachith/programs/solr/contrib/extraction/lib/commons-compress-1.8.1.jar' to classloader
INFO  - 2015-06-03 09:09:12.556; [   ] org.apache.solr.core.SolrResourceLoader; Adding 'file:/home/sachith/programs/solr/contrib/extraction/lib/tika-java7-1.7.jar' to classloader
INFO  - 2015-06-03 09:09:12.556; [   ] org.apache.solr.core.SolrResourceLoader; Adding 'file:/home/sachith/programs/solr/contrib/extraction/lib/java-libpst-0.8.1.jar' to classloader
INFO  - 2015-06-03 09:09:12.557; [   ] org.apache.solr.core.SolrResourceLoader; Adding 'file:/home/sachith/programs/solr/contrib/extraction/lib/tika-parsers-1.7.jar' to classloader
INFO  - 2015-06-03 09:09:12.557; [   ] org.apache.solr.core.SolrResourceLoader; Adding 'file:/home/sachith/programs/solr/contrib/extraction/lib/tika-core-1.7.jar' to classloader
INFO  - 2015-06-03 09:09:12.557; [   ] org.apache.solr.core.SolrResourceLoader; Adding 'file:/home/sachith/programs/solr/contrib/extraction/lib/vorbis-java-tika-0.6.jar' to classloader
INFO  - 2015-06-03 09:09:12.557; [   ] org.apache.solr.core.SolrResourceLoader; Adding 'file:/home/sachith/programs/solr/contrib/extraction/lib/apache-mime4j-core-0.7.2.jar' to classloader
INFO  - 2015-06-03 09:09:12.557; [   ] org.apache.solr.core.SolrResourceLoader; Adding 'file:/home/sachith/programs/solr/contrib/extraction/lib/xmlbeans-2.6.0.jar' to classloader
INFO  - 2015-06-03 09:09:12.558; [   ] org.apache.solr.core.SolrResourceLoader; Adding 'file:/home/sachith/programs/solr/contrib/extraction/lib/juniversalchardet-1.0.3.jar' to classloader
INFO  - 2015-06-03 09:09:12.558; [   ] org.apache.solr.core.SolrResourceLoader; Adding 'file:/home/sachith/programs/solr/contrib/extraction/lib/icu4j-54.1.jar' to classloader
INFO  - 2015-06-03 09:09:12.558; [   ] org.apache.solr.core.SolrResourceLoader; Adding 'file:/home/sachith/programs/solr/contrib/extraction/lib/pdfbox-1.8.8.jar' to classloader
INFO  - 2015-06-03 09:09:12.558; [   ] org.apache.solr.core.SolrResourceLoader; Adding 'file:/home/sachith/programs/solr/contrib/extraction/lib/poi-scratchpad-3.11.jar' to classloader
INFO  - 2015-06-03 09:09:12.558; [   ] org.apache.solr.core.SolrResourceLoader; Adding 'file:/home/sachith/programs/solr/contrib/extraction/lib/bcprov-jdk15-1.45.jar' to classloader
INFO  - 2015-06-03 09:09:12.558; [   ] org.apache.solr.core.SolrResourceLoader; Adding 'file:/home/sachith/programs/solr/contrib/extraction/lib/tagsoup-1.2.1.jar' to classloader
INFO  - 2015-06-03 09:09:12.559; [   ] org.apache.solr.core.SolrResourceLoader; Adding 'file:/home/sachith/programs/solr/dist/solr-cell-5.1.0.jar' to classloader
INFO  - 2015-06-03 09:09:12.560; [   ] org.apache.solr.core.SolrResourceLoader; Adding 'file:/home/sachith/programs/solr/contrib/clustering/lib/carrot2-mini-3.9.0.jar' to classloader
INFO  - 2015-06-03 09:09:12.560; [   ] org.apache.solr.core.SolrResourceLoader; Adding 'file:/home/sachith/programs/solr/contrib/clustering/lib/jackson-core-asl-1.9.13.jar' to classloader
INFO  - 2015-06-03 09:09:12.560; [   ] org.apache.solr.core.SolrResourceLoader; Adding 'file:/home/sachith/programs/solr/contrib/clustering/lib/hppc-0.5.2.jar' to classloader
INFO  - 2015-06-03 09:09:12.561; [   ] org.apache.solr.core.SolrResourceLoader; Adding 'file:/home/sachith/programs/solr/contrib/clustering/lib/mahout-collections-1.0.jar' to classloader
INFO  - 2015-06-03 09:09:12.561; [   ] org.apache.solr.core.SolrResourceLoader; Adding 'file:/home/sachith/programs/solr/contrib/clustering/lib/mahout-math-0.6.jar' to classloader
INFO  - 2015-06-03 09:09:12.561; [   ] org.apache.solr.core.SolrResourceLoader; Adding 'file:/home/sachith/programs/solr/contrib/clustering/lib/attributes-binder-1.2.1.jar' to classloader
INFO  - 2015-06-03 09:09:12.561; [   ] org.apache.solr.core.SolrResourceLoader; Adding 'file:/home/sachith/programs/solr/contrib/clustering/lib/jackson-mapper-asl-1.9.13.jar' to classloader
INFO  - 2015-06-03 09:09:12.561; [   ] org.apache.solr.core.SolrResourceLoader; Adding 'file:/home/sachith/programs/solr/contrib/clustering/lib/simple-xml-2.7.jar' to classloader
INFO  - 2015-06-03 09:09:12.562; [   ] org.apache.solr.core.SolrResourceLoader; Adding 'file:/home/sachith/programs/solr/dist/solr-clustering-5.1.0.jar' to classloader
INFO  - 2015-06-03 09:09:12.562; [   ] org.apache.solr.core.SolrResourceLoader; Adding 'file:/home/sachith/programs/solr/contrib/langid/lib/langdetect-1.1-20120112.jar' to classloader
INFO  - 2015-06-03 09:09:12.563; [   ] org.apache.solr.core.SolrResourceLoader; Adding 'file:/home/sachith/programs/solr/contrib/langid/lib/jsonic-1.2.7.jar' to classloader
INFO  - 2015-06-03 09:09:12.563; [   ] org.apache.solr.core.SolrResourceLoader; Adding 'file:/home/sachith/programs/solr/dist/solr-langid-5.1.0.jar' to classloader
INFO  - 2015-06-03 09:09:12.564; [   ] org.apache.solr.core.SolrResourceLoader; Adding 'file:/home/sachith/programs/solr/contrib/velocity/lib/commons-collections-3.2.1.jar' to classloader
INFO  - 2015-06-03 09:09:12.564; [   ] org.apache.solr.core.SolrResourceLoader; Adding 'file:/home/sachith/programs/solr/contrib/velocity/lib/commons-beanutils-1.8.3.jar' to classloader
INFO  - 2015-06-03 09:09:12.564; [   ] org.apache.solr.core.SolrResourceLoader; Adding 'file:/home/sachith/programs/solr/contrib/velocity/lib/velocity-tools-2.0.jar' to classloader
INFO  - 2015-06-03 09:09:12.564; [   ] org.apache.solr.core.SolrResourceLoader; Adding 'file:/home/sachith/programs/solr/contrib/velocity/lib/velocity-1.7.jar' to classloader
INFO  - 2015-06-03 09:09:12.565; [   ] org.apache.solr.core.SolrResourceLoader; Adding 'file:/home/sachith/programs/solr/dist/solr-velocity-5.1.0.jar' to classloader
INFO  - 2015-06-03 09:09:12.709; [   ] org.apache.solr.core.SolrConfig; Using Lucene MatchVersion: 5.0.0
INFO  - 2015-06-03 09:09:12.813; [   ] org.apache.solr.core.SolrConfig; Loaded SolrConfig: solrconfig.xml
WARN  - 2015-06-03 09:09:12.818; [   ] org.apache.solr.schema.ManagedIndexSchemaFactory; The schema has been upgraded to managed, but the non-managed schema schema.xml is still loadable.  PLEASE REMOVE THIS FILE.
INFO  - 2015-06-03 09:09:12.821; [   ] org.apache.solr.schema.IndexSchema; Reading Solr Schema from /home/sachith/programs/solr/server/solr/evidenceCore/conf/managed-schema
INFO  - 2015-06-03 09:09:12.875; [   ] org.apache.solr.schema.IndexSchema; [evidenceCore] Schema name=example-data-driven-schema
INFO  - 2015-06-03 09:09:13.306; [   ] org.apache.solr.schema.IndexSchema; unique key field: id
INFO  - 2015-06-03 09:09:13.432; [   ] org.apache.solr.schema.FileExchangeRateProvider; Reloading exchange rates from file currency.xml
INFO  - 2015-06-03 09:09:13.438; [   ] org.apache.solr.schema.FileExchangeRateProvider; Reloading exchange rates from file currency.xml
INFO  - 2015-06-03 09:09:13.487; [   ] org.apache.solr.core.CoreContainer; Creating SolrCore 'evidenceCore' using configuration from instancedir /home/sachith/programs/solr/server/solr/evidenceCore/
INFO  - 2015-06-03 09:09:13.487; [   ] org.apache.solr.core.SolrCore; solr.NRTCachingDirectoryFactory
INFO  - 2015-06-03 09:09:13.492; [   ] org.apache.solr.core.SolrCore; [evidenceCore] Opening new SolrCore at /home/sachith/programs/solr/server/solr/evidenceCore/, dataDir=/home/sachith/programs/solr/server/solr/evidenceCore/data/
INFO  - 2015-06-03 09:09:13.493; [   ] org.apache.solr.core.JmxMonitoredMap; No JMX servers found, not exposing Solr information with JMX.
INFO  - 2015-06-03 09:09:13.496; [   ] org.apache.solr.core.SolrCore; [evidenceCore] Added SolrEventListener for newSearcher: org.apache.solr.core.QuerySenderListener{queries=[]}
INFO  - 2015-06-03 09:09:13.496; [   ] org.apache.solr.core.SolrCore; [evidenceCore] Added SolrEventListener for firstSearcher: org.apache.solr.core.QuerySenderListener{queries=[]}
INFO  - 2015-06-03 09:09:13.507; [   ] org.apache.solr.core.CachingDirectoryFactory; return new directory for /home/sachith/programs/solr/server/solr/evidenceCore/data
INFO  - 2015-06-03 09:09:13.507; [   ] org.apache.solr.core.SolrCore; New index directory detected: old=null new=/home/sachith/programs/solr/server/solr/evidenceCore/data/index/
INFO  - 2015-06-03 09:09:13.507; [   ] org.apache.solr.core.CachingDirectoryFactory; return new directory for /home/sachith/programs/solr/server/solr/evidenceCore/data/index
INFO  - 2015-06-03 09:09:13.516; [   ] org.apache.solr.core.PluginBag; queryResponseWriter : 'velocity' created with startup=lazy 
INFO  - 2015-06-03 09:09:13.519; [   ] org.apache.solr.response.XSLTResponseWriter; xsltCacheLifetimeSeconds=5
INFO  - 2015-06-03 09:09:13.582; [   ] org.apache.solr.update.processor.UpdateRequestProcessorChain; creating updateRequestProcessorChain "add-unknown-fields-to-the-schema"
INFO  - 2015-06-03 09:09:13.622; [   ] org.apache.solr.core.SolrCore; no updateRequestProcessorChain defined as default, creating implicit default
INFO  - 2015-06-03 09:09:13.640; [   ] org.apache.solr.handler.loader.XMLLoader; xsltCacheLifetimeSeconds=60
INFO  - 2015-06-03 09:09:13.641; [   ] org.apache.solr.handler.loader.XMLLoader; xsltCacheLifetimeSeconds=60
INFO  - 2015-06-03 09:09:13.642; [   ] org.apache.solr.handler.loader.XMLLoader; xsltCacheLifetimeSeconds=60
INFO  - 2015-06-03 09:09:13.642; [   ] org.apache.solr.handler.loader.XMLLoader; xsltCacheLifetimeSeconds=60
INFO  - 2015-06-03 09:09:13.652; [   ] org.apache.solr.core.PluginBag; requestHandler : '/update/extract' created with startup=lazy 
INFO  - 2015-06-03 09:09:13.655; [   ] org.apache.solr.core.PluginBag; requestHandler : '/analysis/field' created with startup=lazy 
INFO  - 2015-06-03 09:09:13.655; [   ] org.apache.solr.core.PluginBag; requestHandler : '/analysis/document' created with startup=lazy 
INFO  - 2015-06-03 09:09:13.657; [   ] org.apache.solr.core.PluginBag; requestHandler : '/spell' created with startup=lazy 
INFO  - 2015-06-03 09:09:13.657; [   ] org.apache.solr.core.PluginBag; requestHandler : '/tvrh' created with startup=lazy 
INFO  - 2015-06-03 09:09:13.657; [   ] org.apache.solr.core.PluginBag; requestHandler : '/terms' created with startup=lazy 
INFO  - 2015-06-03 09:09:13.657; [   ] org.apache.solr.core.PluginBag; requestHandler : '/elevate' created with startup=lazy 
INFO  - 2015-06-03 09:09:13.657; [   ] org.apache.solr.core.RequestHandlers; Registered paths: /admin/logging,/admin/plugins,/admin/system,/admin/segments,/admin/file,/admin/luke,/update,/terms,/stream,/admin/threads,/schema,/query,/replication,/analysis/field,/browse,/admin/ping,/update/json/docs,/analysis/document,/select,/admin/mbeans,/update/csv,/elevate,/get,/update/json,/export,/update/extract,/admin/properties,/tvrh,/spell,/config,/debug/dump
INFO  - 2015-06-03 09:09:13.659; [   ] org.apache.solr.core.SolrCore; Using default statsCache cache: org.apache.solr.search.stats.LocalStatsCache
INFO  - 2015-06-03 09:09:13.665; [   ] org.apache.solr.update.UpdateHandler; Using UpdateLog implementation: org.apache.solr.update.UpdateLog
INFO  - 2015-06-03 09:09:13.666; [   ] org.apache.solr.update.UpdateLog; Initializing UpdateLog: dataDir= defaultSyncLevel=FLUSH numRecordsToKeep=100 maxNumLogsToKeep=10
INFO  - 2015-06-03 09:09:13.674; [   ] org.apache.solr.update.CommitTracker; Hard AutoCommit: if uncommited for 15000ms; 
INFO  - 2015-06-03 09:09:13.674; [   ] org.apache.solr.update.CommitTracker; Soft AutoCommit: disabled
INFO  - 2015-06-03 09:09:13.698; [   ] org.apache.solr.core.SolrDeletionPolicy; SolrDeletionPolicy.onInit: commits: num=1
	commit{dir=NRTCachingDirectory(MMapDirectory@/home/sachith/programs/solr/server/solr/evidenceCore/data/index lockFactory=org.apache.lucene.store.NativeFSLockFactory@3b7e66e1; maxCacheMB=48.0 maxMergeSizeMB=4.0),segFN=segments_1,generation=1}
INFO  - 2015-06-03 09:09:13.698; [   ] org.apache.solr.core.SolrDeletionPolicy; newest commit generation = 1
INFO  - 2015-06-03 09:09:13.707; [   ] org.apache.solr.search.SolrIndexSearcher; Opening Searcher@36783858[evidenceCore] main
INFO  - 2015-06-03 09:09:13.710; [   ] org.apache.solr.rest.ManagedResourceStorage$FileStorageIO; File-based storage initialized to use dir: /home/sachith/programs/solr/server/solr/evidenceCore/conf
INFO  - 2015-06-03 09:09:13.710; [   ] org.apache.solr.rest.RestManager; Initializing RestManager with initArgs: {storageDir=/home/sachith/programs/solr/server/solr/evidenceCore/conf}
INFO  - 2015-06-03 09:09:13.716; [   ] org.apache.solr.rest.ManagedResourceStorage; Reading _rest_managed.json using file:dir=/home/sachith/programs/solr/server/solr/evidenceCore/conf
INFO  - 2015-06-03 09:09:13.717; [   ] org.apache.solr.rest.RestManager; Initializing 0 registered ManagedResources
INFO  - 2015-06-03 09:09:13.721; [   ] org.apache.solr.handler.component.SpellCheckComponent; Initializing spell checkers
INFO  - 2015-06-03 09:09:13.726; [   ] org.apache.solr.spelling.DirectSolrSpellChecker; init: {name=default,field=text,classname=solr.DirectSolrSpellChecker,distanceMeasure=internal,accuracy=0.5,maxEdits=2,minPrefix=1,maxInspections=5,minQueryLength=4,maxQueryFrequency=0.01}
INFO  - 2015-06-03 09:09:13.730; [   ] org.apache.solr.handler.component.SpellCheckComponent; No queryConverter defined, using default converter
INFO  - 2015-06-03 09:09:13.731; [   ] org.apache.solr.handler.component.QueryElevationComponent; Loading QueryElevation from: /home/sachith/programs/solr/server/solr/evidenceCore/conf/elevate.xml
INFO  - 2015-06-03 09:09:13.742; [   ] org.apache.solr.handler.ReplicationHandler; Commits will be reserved for  10000
INFO  - 2015-06-03 09:09:13.757; [   ] org.apache.solr.core.QuerySenderListener; QuerySenderListener sending requests to Searcher@36783858[evidenceCore] main{ExitableDirectoryReader(UninvertingDirectoryReader())}
INFO  - 2015-06-03 09:09:13.758; [   ] org.apache.solr.core.QuerySenderListener; QuerySenderListener done.
INFO  - 2015-06-03 09:09:13.758; [   ] org.apache.solr.handler.component.SpellCheckComponent$SpellCheckerListener; Loading spell index for spellchecker: default
INFO  - 2015-06-03 09:09:13.758; [   ] org.apache.solr.handler.component.SpellCheckComponent$SpellCheckerListener; Loading spell index for spellchecker: wordbreak
INFO  - 2015-06-03 09:09:13.758; [   ] org.apache.solr.core.SolrCore; [evidenceCore] Registered new searcher Searcher@36783858[evidenceCore] main{ExitableDirectoryReader(UninvertingDirectoryReader())}
INFO  - 2015-06-03 09:09:13.759; [   ] org.apache.solr.core.CoreContainer; registering core: evidenceCore
INFO  - 2015-06-03 09:09:13.759; [   ] org.apache.solr.servlet.SolrDispatchFilter; user.dir=/home/sachith/programs/solr/server
INFO  - 2015-06-03 09:09:13.760; [   ] org.apache.solr.servlet.SolrDispatchFilter; SolrDispatchFilter.init() done
INFO  - 2015-06-03 09:09:13.780; [   ] org.eclipse.jetty.server.AbstractConnector; Started SocketConnector@0.0.0.0:8983
INFO  - 2015-06-03 09:09:16.967; [   ] org.apache.solr.servlet.SolrDispatchFilter; [admin] webapp=null path=/admin/cores params={indexInfo=false&_=1433322556960&wt=json} status=0 QTime=5 
INFO  - 2015-06-03 09:09:17.010; [   ] org.apache.solr.servlet.SolrDispatchFilter; [admin] webapp=null path=/admin/info/system params={_=1433322557000&wt=json} status=0 QTime=7 
ERROR - 2015-06-03 09:09:19.276; [   evidenceCore] org.apache.solr.handler.admin.ShowFileRequestHandler; Can not find: admin-extra.menu-top.html [/home/sachith/programs/solr/server/solr/evidenceCore/conf/admin-extra.menu-top.html]
ERROR - 2015-06-03 09:09:19.277; [   evidenceCore] org.apache.solr.handler.admin.ShowFileRequestHandler; Can not find: admin-extra.menu-bottom.html [/home/sachith/programs/solr/server/solr/evidenceCore/conf/admin-extra.menu-bottom.html]
INFO  - 2015-06-03 09:09:19.277; [   evidenceCore] org.apache.solr.core.SolrCore; [evidenceCore] webapp=/solr path=/admin/file params={file=admin-extra.menu-top.html&_=1433322559270&contentType=text/html;charset%3Dutf-8} status=404 QTime=3 
INFO  - 2015-06-03 09:09:19.277; [   evidenceCore] org.apache.solr.core.SolrCore; [evidenceCore] webapp=/solr path=/admin/file params={file=admin-extra.menu-bottom.html&_=1433322559274&contentType=text/html;charset%3Dutf-8} status=404 QTime=1 
ERROR - 2015-06-03 09:09:19.324; [   evidenceCore] org.apache.solr.handler.admin.ShowFileRequestHandler; Can not find: admin-extra.html [/home/sachith/programs/solr/server/solr/evidenceCore/conf/admin-extra.html]
INFO  - 2015-06-03 09:09:19.325; [   evidenceCore] org.apache.solr.core.SolrCore; [evidenceCore] webapp=/solr path=/admin/file params={file=admin-extra.html&_=1433322559305} status=404 QTime=1 
INFO  - 2015-06-03 09:09:19.326; [   evidenceCore] org.apache.solr.core.SolrCore; [evidenceCore] webapp=/solr path=/admin/luke params={numTerms=0&_=1433322559293&show=index&wt=json} status=0 QTime=1 
INFO  - 2015-06-03 09:09:19.327; [   evidenceCore] org.apache.solr.core.SolrCore; [evidenceCore] webapp=/solr path=/replication params={command=details&_=1433322559300&wt=json} status=0 QTime=3 
INFO  - 2015-06-03 09:09:19.329; [   evidenceCore] org.apache.solr.core.SolrCore; [evidenceCore] webapp=/solr path=/admin/system params={_=1433322559303&wt=json} status=0 QTime=5 
INFO  - 2015-06-03 09:09:19.332; [   evidenceCore] org.apache.solr.core.SolrCore; [evidenceCore] webapp=/solr path=/admin/ping params={action=status&_=1433322559307&wt=json} status=503 QTime=3 
INFO  - 2015-06-03 09:09:22.128; [   evidenceCore] org.apache.solr.core.SolrCore; [evidenceCore] webapp=/solr path=/select params={indent=true&q=*:*&_=1433322562111&wt=json} hits=0 status=0 QTime=13 
INFO  - 2015-06-03 09:09:25.390; [   evidenceCore] org.apache.solr.update.processor.LogUpdateProcessor; [evidenceCore] webapp=/solr path=/update params={wt=javabin&version=2} {add=[fc205478-9788-4e37-a8c5-5ae86261e764 (1502947642256130048)]} 0 113
INFO  - 2015-06-03 09:09:25.390; [   evidenceCore] org.apache.solr.update.DirectUpdateHandler2; start commit{,optimize=false,openSearcher=true,waitSearcher=true,expungeDeletes=false,softCommit=true,prepareCommit=false}
INFO  - 2015-06-03 09:09:25.434; [   evidenceCore] org.apache.solr.search.SolrIndexSearcher; Opening Searcher@77fef512[evidenceCore] main
INFO  - 2015-06-03 09:09:25.436; [   evidenceCore] org.apache.solr.update.DirectUpdateHandler2; end_commit_flush
INFO  - 2015-06-03 09:09:25.436; [   ] org.apache.solr.core.QuerySenderListener; QuerySenderListener sending requests to Searcher@77fef512[evidenceCore] main{ExitableDirectoryReader(UninvertingDirectoryReader(Uninverting(_0(5.1.0):C1)))}
INFO  - 2015-06-03 09:09:25.436; [   ] org.apache.solr.core.QuerySenderListener; QuerySenderListener done.
INFO  - 2015-06-03 09:09:25.436; [   ] org.apache.solr.core.SolrCore; [evidenceCore] Registered new searcher Searcher@77fef512[evidenceCore] main{ExitableDirectoryReader(UninvertingDirectoryReader(Uninverting(_0(5.1.0):C1)))}
INFO  - 2015-06-03 09:09:27.928; [   evidenceCore] org.apache.solr.core.SolrCore; [evidenceCore] webapp=/solr path=/select params={indent=true&q=*:*&_=1433322567923&wt=json} hits=1 status=0 QTime=2 
INFO  - 2015-06-03 09:09:40.389; [   evidenceCore] org.apache.solr.update.DirectUpdateHandler2; start commit{,optimize=false,openSearcher=false,waitSearcher=true,expungeDeletes=false,softCommit=false,prepareCommit=false}
INFO  - 2015-06-03 09:09:40.433; [   evidenceCore] org.apache.solr.core.SolrDeletionPolicy; SolrDeletionPolicy.onCommit: commits: num=2
	commit{dir=NRTCachingDirectory(MMapDirectory@/home/sachith/programs/solr/server/solr/evidenceCore/data/index lockFactory=org.apache.lucene.store.NativeFSLockFactory@3b7e66e1; maxCacheMB=48.0 maxMergeSizeMB=4.0),segFN=segments_1,generation=1}
	commit{dir=NRTCachingDirectory(MMapDirectory@/home/sachith/programs/solr/server/solr/evidenceCore/data/index lockFactory=org.apache.lucene.store.NativeFSLockFactory@3b7e66e1; maxCacheMB=48.0 maxMergeSizeMB=4.0),segFN=segments_2,generation=2}
INFO  - 2015-06-03 09:09:40.433; [   evidenceCore] org.apache.solr.core.SolrDeletionPolicy; newest commit generation = 2
INFO  - 2015-06-03 09:09:40.436; [   evidenceCore] org.apache.solr.update.DirectUpdateHandler2; end_commit_flush
INFO  - 2015-06-03 09:09:45.007; [   evidenceCore] org.apache.solr.core.SolrCore; [evidenceCore] webapp=/solr path=/select params={start=0&q=sachith&wt=javabin&version=2&defType=edismax} hits=1 status=0 QTime=12 
INFO  - 2015-06-03 09:11:22.682; [   evidenceCore] org.apache.solr.core.SolrCore; [evidenceCore] webapp=/solr path=/select params={start=0&q=sachith&wt=javabin&version=2&defType=edismax} hits=1 status=0 QTime=1 
INFO  - 2015-06-03 09:11:42.668; [   evidenceCore] org.apache.solr.core.SolrCore; [evidenceCore] webapp=/solr path=/select params={start=0&q=sachith&wt=javabin&version=2&defType=edismax} hits=1 status=0 QTime=1 
INFO  - 2015-06-03 09:12:02.009; [   evidenceCore] org.apache.solr.update.processor.LogUpdateProcessor; [evidenceCore] webapp=/solr path=/update params={wt=javabin&version=2} {add=[299533a1-2992-4423-8f0e-02c18525d7ac (1502947806551212032)]} 0 3
INFO  - 2015-06-03 09:12:02.010; [   evidenceCore] org.apache.solr.update.DirectUpdateHandler2; start commit{,optimize=false,openSearcher=true,waitSearcher=true,expungeDeletes=false,softCommit=true,prepareCommit=false}
INFO  - 2015-06-03 09:12:02.023; [   evidenceCore] org.apache.solr.search.SolrIndexSearcher; Opening Searcher@3e736d04[evidenceCore] main
INFO  - 2015-06-03 09:12:02.024; [   evidenceCore] org.apache.solr.update.DirectUpdateHandler2; end_commit_flush
INFO  - 2015-06-03 09:12:02.027; [   ] org.apache.solr.core.QuerySenderListener; QuerySenderListener sending requests to Searcher@3e736d04[evidenceCore] main{ExitableDirectoryReader(UninvertingDirectoryReader(Uninverting(_0(5.1.0):C1) Uninverting(_1(5.1.0):C1)))}
INFO  - 2015-06-03 09:12:02.027; [   ] org.apache.solr.core.QuerySenderListener; QuerySenderListener done.
INFO  - 2015-06-03 09:12:02.028; [   ] org.apache.solr.core.SolrCore; [evidenceCore] Registered new searcher Searcher@3e736d04[evidenceCore] main{ExitableDirectoryReader(UninvertingDirectoryReader(Uninverting(_0(5.1.0):C1) Uninverting(_1(5.1.0):C1)))}
INFO  - 2015-06-03 09:12:06.552; [   evidenceCore] org.apache.solr.core.SolrCore; [evidenceCore] webapp=/solr path=/select params={start=0&q=sachith&wt=javabin&version=2&defType=edismax} hits=2 status=0 QTime=2 
INFO  - 2015-06-03 09:12:17.009; [   evidenceCore] org.apache.solr.update.DirectUpdateHandler2; start commit{,optimize=false,openSearcher=false,waitSearcher=true,expungeDeletes=false,softCommit=false,prepareCommit=false}
INFO  - 2015-06-03 09:12:17.043; [   evidenceCore] org.apache.solr.core.SolrDeletionPolicy; SolrDeletionPolicy.onCommit: commits: num=2
	commit{dir=NRTCachingDirectory(MMapDirectory@/home/sachith/programs/solr/server/solr/evidenceCore/data/index lockFactory=org.apache.lucene.store.NativeFSLockFactory@3b7e66e1; maxCacheMB=48.0 maxMergeSizeMB=4.0),segFN=segments_2,generation=2}
	commit{dir=NRTCachingDirectory(MMapDirectory@/home/sachith/programs/solr/server/solr/evidenceCore/data/index lockFactory=org.apache.lucene.store.NativeFSLockFactory@3b7e66e1; maxCacheMB=48.0 maxMergeSizeMB=4.0),segFN=segments_3,generation=3}
INFO  - 2015-06-03 09:12:17.043; [   evidenceCore] org.apache.solr.core.SolrDeletionPolicy; newest commit generation = 3
INFO  - 2015-06-03 09:12:17.045; [   evidenceCore] org.apache.solr.update.DirectUpdateHandler2; end_commit_flush
INFO  - 2015-06-03 09:12:20.988; [   evidenceCore] org.apache.solr.core.SolrCore; [evidenceCore] webapp=/solr path=/select params={start=0&q=ssds&wt=javabin&version=2&defType=edismax} hits=0 status=0 QTime=1 
INFO  - 2015-06-03 09:12:31.458; [   evidenceCore] org.apache.solr.core.SolrCore; [evidenceCore] webapp=/solr path=/select params={start=0&q=hello&wt=javabin&version=2&defType=edismax} hits=1 status=0 QTime=2 
